2019-02-24 23:31:28.288 [restartedMain] INFO  net.sppan.base.Application - Starting Application on WIN-1DGPVM9BR9F with PID 7292 (E:\sugarAdmin\SugarAdmin\target\classes started by Administrator in E:\sugarAdmin\SugarAdmin)
2019-02-24 23:31:28.291 [restartedMain] DEBUG net.sppan.base.Application - Running with Spring Boot v1.5.2.RELEASE, Spring v4.3.7.RELEASE
2019-02-24 23:31:28.292 [restartedMain] INFO  net.sppan.base.Application - No active profile set, falling back to default profiles: default
2019-02-24 23:31:30.943 [background-preinit] DEBUG org.jboss.logging - Logging Provider: org.jboss.logging.Slf4jLoggerProvider found via system property
2019-02-24 23:31:40.497 [restartedMain] DEBUG org.hibernate.SQL - select resource0_.id as id1_1_, resource0_.create_time as create_t2_1_, resource0_.description as descript3_1_, resource0_.icon as icon4_1_, resource0_.is_hide as is_hide5_1_, resource0_.level as level6_1_, resource0_.name as name7_1_, resource0_.parent_id as parent_13_1_, resource0_.sort as sort8_1_, resource0_.source_key as source_k9_1_, resource0_.source_url as source_10_1_, resource0_.type as type11_1_, resource0_.update_time as update_12_1_ from tb_resource resource0_
2019-02-24 23:31:41.953 [restartedMain] INFO  org.apache.catalina.core.StandardService - Starting service Tomcat
2019-02-24 23:31:41.955 [restartedMain] INFO  org.apache.catalina.core.StandardEngine - Starting Servlet Engine: Apache Tomcat/8.5.11
2019-02-24 23:31:42.209 [localhost-startStop-1] INFO  org.apache.catalina.core.ContainerBase.[Tomcat].[localhost].[/] - Initializing Spring embedded WebApplicationContext
2019-02-24 23:31:43.801 [restartedMain] DEBUG net.sf.ehcache.config.ConfigurationFactory - Configuring ehcache from InputStream
2019-02-24 23:31:43.827 [restartedMain] DEBUG net.sf.ehcache.config.BeanHandler - Ignoring ehcache attribute xmlns:xsi
2019-02-24 23:31:43.828 [restartedMain] DEBUG net.sf.ehcache.config.BeanHandler - Ignoring ehcache attribute xsi:noNamespaceSchemaLocation
2019-02-24 23:31:43.833 [restartedMain] DEBUG net.sf.ehcache.config.DiskStoreConfiguration - Disk Store Path: C:\Users\ADMINI~1\AppData\Local\Temp\
2019-02-24 23:31:43.866 [restartedMain] DEBUG net.sf.ehcache.CacheManager - Creating new CacheManager with Configuration Object
2019-02-24 23:31:43.869 [restartedMain] DEBUG net.sf.ehcache.util.PropertyUtil - propertiesString is null.
2019-02-24 23:31:43.884 [restartedMain] DEBUG net.sf.ehcache.config.ConfigurationHelper - No CacheManagerEventListenerFactory class specified. Skipping...
2019-02-24 23:31:44.110 [restartedMain] DEBUG net.sf.ehcache.Cache - No BootstrapCacheLoaderFactory class specified. Skipping...
2019-02-24 23:31:44.111 [restartedMain] DEBUG net.sf.ehcache.Cache - CacheWriter factory not configured. Skipping...
2019-02-24 23:31:44.111 [restartedMain] DEBUG net.sf.ehcache.config.ConfigurationHelper - No CacheExceptionHandlerFactory class specified. Skipping...
2019-02-24 23:31:44.121 [restartedMain] DEBUG net.sf.ehcache.Cache - No BootstrapCacheLoaderFactory class specified. Skipping...
2019-02-24 23:31:44.121 [restartedMain] DEBUG net.sf.ehcache.Cache - CacheWriter factory not configured. Skipping...
2019-02-24 23:31:44.121 [restartedMain] DEBUG net.sf.ehcache.config.ConfigurationHelper - No CacheExceptionHandlerFactory class specified. Skipping...
2019-02-24 23:31:44.122 [restartedMain] WARN  net.sf.ehcache.config.CacheConfiguration - Configuration problem for cache resourceCache: MaxEntriesLocalHeap equal or greater than MaxEntriesLocalDisk. This will result in useless disk storage.
2019-02-24 23:31:44.143 [restartedMain] DEBUG net.sf.ehcache.DiskStorePathManager - Using diskstore path C:\Users\ADMINI~1\AppData\Local\Temp
2019-02-24 23:31:44.143 [restartedMain] DEBUG net.sf.ehcache.DiskStorePathManager - Holding exclusive lock on C:\Users\ADMINI~1\AppData\Local\Temp\.ehcache-diskstore.lock
2019-02-24 23:31:44.144 [restartedMain] DEBUG net.sf.ehcache.store.disk.DiskStorageFactory - Failed to delete file resource%0043ache.data
2019-02-24 23:31:44.145 [restartedMain] DEBUG net.sf.ehcache.store.disk.DiskStorageFactory - Failed to delete file resource%0043ache.index
2019-02-24 23:31:44.157 [restartedMain] DEBUG net.sf.ehcache.store.disk.DiskStorageFactory - Matching data file missing (or empty) for index file. Deleting index file C:\Users\ADMINI~1\AppData\Local\Temp\resource%0043ache.index
2019-02-24 23:31:44.157 [restartedMain] DEBUG net.sf.ehcache.store.disk.DiskStorageFactory - Failed to delete file resource%0043ache.index
2019-02-24 23:31:44.226 [restartedMain] DEBUG net.sf.ehcache.statistics.extended.ExtendedStatisticsImpl - Mocking Pass-Through Statistic: LOCAL_OFFHEAP_SIZE
2019-02-24 23:31:44.227 [restartedMain] DEBUG net.sf.ehcache.statistics.extended.ExtendedStatisticsImpl - Mocking Pass-Through Statistic: LOCAL_OFFHEAP_SIZE_BYTES
2019-02-24 23:31:44.228 [restartedMain] DEBUG net.sf.ehcache.statistics.extended.ExtendedStatisticsImpl - Mocking Pass-Through Statistic: WRITER_QUEUE_LENGTH
2019-02-24 23:31:44.228 [restartedMain] DEBUG net.sf.ehcache.statistics.extended.ExtendedStatisticsImpl - Mocking Pass-Through Statistic: REMOTE_SIZE
2019-02-24 23:31:44.229 [restartedMain] DEBUG net.sf.ehcache.statistics.extended.ExtendedStatisticsImpl - Mocking Pass-Through Statistic: LAST_REJOIN_TIMESTAMP
2019-02-24 23:31:44.243 [restartedMain] DEBUG net.sf.ehcache.statistics.extended.ExtendedStatisticsImpl - Mocking Operation Statistic: OFFHEAP_GET
2019-02-24 23:31:44.244 [restartedMain] DEBUG net.sf.ehcache.statistics.extended.ExtendedStatisticsImpl - Mocking Operation Statistic: OFFHEAP_PUT
2019-02-24 23:31:44.244 [restartedMain] DEBUG net.sf.ehcache.statistics.extended.ExtendedStatisticsImpl - Mocking Operation Statistic: OFFHEAP_REMOVE
2019-02-24 23:31:44.246 [restartedMain] DEBUG net.sf.ehcache.statistics.extended.ExtendedStatisticsImpl - Mocking Operation Statistic: XA_COMMIT
2019-02-24 23:31:44.246 [restartedMain] DEBUG net.sf.ehcache.statistics.extended.ExtendedStatisticsImpl - Mocking Operation Statistic: XA_ROLLBACK
2019-02-24 23:31:44.247 [restartedMain] DEBUG net.sf.ehcache.statistics.extended.ExtendedStatisticsImpl - Mocking Operation Statistic: XA_RECOVERY
2019-02-24 23:31:44.248 [restartedMain] DEBUG net.sf.ehcache.statistics.extended.ExtendedStatisticsImpl - Mocking Operation Statistic: CLUSTER_EVENT
2019-02-24 23:31:44.249 [restartedMain] DEBUG net.sf.ehcache.statistics.extended.ExtendedStatisticsImpl - Mocking Operation Statistic: NONSTOP
2019-02-24 23:31:44.255 [restartedMain] DEBUG net.sf.ehcache.Cache - Initialised cache: resourceCache
2019-02-24 23:31:44.256 [restartedMain] DEBUG net.sf.ehcache.config.ConfigurationHelper - CacheDecoratorFactory not configured. Skipping for 'resourceCache'.
2019-02-24 23:31:44.256 [restartedMain] DEBUG net.sf.ehcache.config.ConfigurationHelper - CacheDecoratorFactory not configured for defaultCache. Skipping for 'resourceCache'.
2019-02-24 23:31:46.876 [restartedMain] INFO  org.apache.coyote.http11.Http11NioProtocol - Initializing ProtocolHandler ["http-nio-80"]
2019-02-24 23:31:46.961 [restartedMain] INFO  org.apache.coyote.http11.Http11NioProtocol - Starting ProtocolHandler [http-nio-80]
2019-02-24 23:31:47.847 [restartedMain] INFO  org.apache.tomcat.util.net.NioSelectorPool - Using a shared selector for servlet write/read
2019-02-24 23:31:47.881 [restartedMain] INFO  net.sppan.base.Application - Started Application in 20.241 seconds (JVM running for 21.731)
2019-02-24 23:31:47.882 [restartedMain] DEBUG net.sppan.base.Application - 启动成功
2019-02-24 23:32:12.526 [http-nio-80-exec-1] INFO  org.apache.catalina.core.ContainerBase.[Tomcat].[localhost].[/] - Initializing Spring FrameworkServlet 'dispatcherServlet'
2019-02-24 23:32:20.835 [http-nio-80-exec-7] DEBUG org.hibernate.SQL - select user0_.id as id1_4_, user0_.address as address2_4_, user0_.birthday as birthday3_4_, user0_.create_time as create_t4_4_, user0_.delete_status as delete_s5_4_, user0_.description as descript6_4_, user0_.email as email7_4_, user0_.locked as locked8_4_, user0_.nick_name as nick_nam9_4_, user0_.password as passwor10_4_, user0_.sex as sex11_4_, user0_.telephone as telepho12_4_, user0_.update_time as update_13_4_, user0_.user_name as user_na14_4_ from tb_user user0_ where user0_.user_name=?
2019-02-24 23:32:21.282 [http-nio-80-exec-6] DEBUG org.hibernate.SQL - select user0_.id as id1_4_, user0_.address as address2_4_, user0_.birthday as birthday3_4_, user0_.create_time as create_t4_4_, user0_.delete_status as delete_s5_4_, user0_.description as descript6_4_, user0_.email as email7_4_, user0_.locked as locked8_4_, user0_.nick_name as nick_nam9_4_, user0_.password as passwor10_4_, user0_.sex as sex11_4_, user0_.telephone as telepho12_4_, user0_.update_time as update_13_4_, user0_.user_name as user_na14_4_ from tb_user user0_ where user0_.user_name=?
2019-02-24 23:32:21.289 [http-nio-80-exec-6] DEBUG org.hibernate.SQL - select roles0_.user_id as user_id1_5_0_, roles0_.role_id as role_id2_5_0_, role1_.id as id1_2_1_, role1_.create_time as create_t2_2_1_, role1_.description as descript3_2_1_, role1_.name as name4_2_1_, role1_.role_key as role_key5_2_1_, role1_.status as status6_2_1_, role1_.update_time as update_t7_2_1_ from tb_user_role roles0_ inner join tb_role role1_ on roles0_.role_id=role1_.id where roles0_.user_id=?
2019-02-24 23:32:21.307 [http-nio-80-exec-6] DEBUG org.hibernate.SQL - select resources0_.role_id as role_id1_3_0_, resources0_.resource_id as resource2_3_0_, resource1_.id as id1_1_1_, resource1_.create_time as create_t2_1_1_, resource1_.description as descript3_1_1_, resource1_.icon as icon4_1_1_, resource1_.is_hide as is_hide5_1_1_, resource1_.level as level6_1_1_, resource1_.name as name7_1_1_, resource1_.parent_id as parent_13_1_1_, resource1_.sort as sort8_1_1_, resource1_.source_key as source_k9_1_1_, resource1_.source_url as source_10_1_1_, resource1_.type as type11_1_1_, resource1_.update_time as update_12_1_1_ from tb_role_resource resources0_ inner join tb_resource resource1_ on resources0_.resource_id=resource1_.id where resources0_.role_id=?
2019-02-24 23:32:21.324 [http-nio-80-exec-6] DEBUG org.hibernate.SQL - select user0_.id as id1_4_, user0_.address as address2_4_, user0_.birthday as birthday3_4_, user0_.create_time as create_t4_4_, user0_.delete_status as delete_s5_4_, user0_.description as descript6_4_, user0_.email as email7_4_, user0_.locked as locked8_4_, user0_.nick_name as nick_nam9_4_, user0_.password as passwor10_4_, user0_.sex as sex11_4_, user0_.telephone as telepho12_4_, user0_.update_time as update_13_4_, user0_.user_name as user_na14_4_ from tb_user user0_ where user0_.user_name=?
2019-02-24 23:32:21.334 [http-nio-80-exec-6] DEBUG org.hibernate.SQL - select user0_.id as id1_4_, user0_.address as address2_4_, user0_.birthday as birthday3_4_, user0_.create_time as create_t4_4_, user0_.delete_status as delete_s5_4_, user0_.description as descript6_4_, user0_.email as email7_4_, user0_.locked as locked8_4_, user0_.nick_name as nick_nam9_4_, user0_.password as passwor10_4_, user0_.sex as sex11_4_, user0_.telephone as telepho12_4_, user0_.update_time as update_13_4_, user0_.user_name as user_na14_4_ from tb_user user0_ where user0_.user_name=?
2019-02-24 23:32:21.341 [http-nio-80-exec-6] DEBUG org.hibernate.SQL - select user0_.id as id1_4_, user0_.address as address2_4_, user0_.birthday as birthday3_4_, user0_.create_time as create_t4_4_, user0_.delete_status as delete_s5_4_, user0_.description as descript6_4_, user0_.email as email7_4_, user0_.locked as locked8_4_, user0_.nick_name as nick_nam9_4_, user0_.password as passwor10_4_, user0_.sex as sex11_4_, user0_.telephone as telepho12_4_, user0_.update_time as update_13_4_, user0_.user_name as user_na14_4_ from tb_user user0_ where user0_.user_name=?
2019-02-24 23:32:28.517 [http-nio-80-exec-7] DEBUG org.hibernate.SQL - select user0_.id as id1_4_, user0_.address as address2_4_, user0_.birthday as birthday3_4_, user0_.create_time as create_t4_4_, user0_.delete_status as delete_s5_4_, user0_.description as descript6_4_, user0_.email as email7_4_, user0_.locked as locked8_4_, user0_.nick_name as nick_nam9_4_, user0_.password as passwor10_4_, user0_.sex as sex11_4_, user0_.telephone as telepho12_4_, user0_.update_time as update_13_4_, user0_.user_name as user_na14_4_ from tb_user user0_ where user0_.user_name=?
2019-02-24 23:32:28.523 [http-nio-80-exec-7] DEBUG org.hibernate.SQL - select roles0_.user_id as user_id1_5_0_, roles0_.role_id as role_id2_5_0_, role1_.id as id1_2_1_, role1_.create_time as create_t2_2_1_, role1_.description as descript3_2_1_, role1_.name as name4_2_1_, role1_.role_key as role_key5_2_1_, role1_.status as status6_2_1_, role1_.update_time as update_t7_2_1_ from tb_user_role roles0_ inner join tb_role role1_ on roles0_.role_id=role1_.id where roles0_.user_id=?
2019-02-24 23:32:28.527 [http-nio-80-exec-7] DEBUG org.hibernate.SQL - select resources0_.role_id as role_id1_3_0_, resources0_.resource_id as resource2_3_0_, resource1_.id as id1_1_1_, resource1_.create_time as create_t2_1_1_, resource1_.description as descript3_1_1_, resource1_.icon as icon4_1_1_, resource1_.is_hide as is_hide5_1_1_, resource1_.level as level6_1_1_, resource1_.name as name7_1_1_, resource1_.parent_id as parent_13_1_1_, resource1_.sort as sort8_1_1_, resource1_.source_key as source_k9_1_1_, resource1_.source_url as source_10_1_1_, resource1_.type as type11_1_1_, resource1_.update_time as update_12_1_1_ from tb_role_resource resources0_ inner join tb_resource resource1_ on resources0_.resource_id=resource1_.id where resources0_.role_id=?
2019-02-24 23:32:28.552 [http-nio-80-exec-7] DEBUG org.hibernate.SQL - select user0_.id as id1_4_, user0_.address as address2_4_, user0_.birthday as birthday3_4_, user0_.create_time as create_t4_4_, user0_.delete_status as delete_s5_4_, user0_.description as descript6_4_, user0_.email as email7_4_, user0_.locked as locked8_4_, user0_.nick_name as nick_nam9_4_, user0_.password as passwor10_4_, user0_.sex as sex11_4_, user0_.telephone as telepho12_4_, user0_.update_time as update_13_4_, user0_.user_name as user_na14_4_ from tb_user user0_ where user0_.user_name=?
2019-02-24 23:32:28.562 [http-nio-80-exec-7] DEBUG org.hibernate.SQL - select user0_.id as id1_4_, user0_.address as address2_4_, user0_.birthday as birthday3_4_, user0_.create_time as create_t4_4_, user0_.delete_status as delete_s5_4_, user0_.description as descript6_4_, user0_.email as email7_4_, user0_.locked as locked8_4_, user0_.nick_name as nick_nam9_4_, user0_.password as passwor10_4_, user0_.sex as sex11_4_, user0_.telephone as telepho12_4_, user0_.update_time as update_13_4_, user0_.user_name as user_na14_4_ from tb_user user0_ where user0_.user_name=?
2019-02-24 23:32:28.981 [http-nio-80-exec-2] DEBUG org.hibernate.SQL - select order0_.id as id1_0_, order0_.address as address2_0_, order0_.contact_number as contact_3_0_, order0_.front_money as front_mo4_0_, order0_.installation_time as installa5_0_, order0_.installer as installe6_0_, order0_.introducer as introduc7_0_, order0_.order_no as order_no8_0_, order0_.single_person as single_p9_0_, order0_.single_time as single_10_0_, order0_.total as total11_0_, order0_.update_time as update_12_0_, order0_.yn as yn13_0_ from tb_order order0_ where order0_.order_no like ? or order0_.address like ? or order0_.contact_number like ? or order0_.introducer like ? or order0_.installer like ? or order0_.front_money like ? or order0_.total like ? or order0_.single_person like ? order by order0_.id desc limit ?
2019-02-24 23:32:28.999 [http-nio-80-exec-2] DEBUG org.hibernate.SQL - select count(order0_.id) as col_0_0_ from tb_order order0_ where order0_.order_no like ? or order0_.address like ? or order0_.contact_number like ? or order0_.introducer like ? or order0_.installer like ? or order0_.front_money like ? or order0_.total like ? or order0_.single_person like ?
2019-02-24 23:32:38.523 [http-nio-80-exec-9] DEBUG org.hibernate.SQL - select order0_.id as id1_0_, order0_.address as address2_0_, order0_.contact_number as contact_3_0_, order0_.front_money as front_mo4_0_, order0_.installation_time as installa5_0_, order0_.installer as installe6_0_, order0_.introducer as introduc7_0_, order0_.order_no as order_no8_0_, order0_.single_person as single_p9_0_, order0_.single_time as single_10_0_, order0_.total as total11_0_, order0_.update_time as update_12_0_, order0_.yn as yn13_0_ from tb_order order0_ where order0_.order_no like ? or order0_.address like ? or order0_.contact_number like ? or order0_.introducer like ? or order0_.installer like ? or order0_.front_money like ? or order0_.total like ? or order0_.single_person like ? order by order0_.id desc limit ?
2019-02-24 23:32:38.538 [http-nio-80-exec-9] DEBUG org.hibernate.SQL - select count(order0_.id) as col_0_0_ from tb_order order0_ where order0_.order_no like ? or order0_.address like ? or order0_.contact_number like ? or order0_.introducer like ? or order0_.installer like ? or order0_.front_money like ? or order0_.total like ? or order0_.single_person like ?
2019-02-24 23:33:07.650 [http-nio-80-exec-5] DEBUG org.hibernate.SQL - select user0_.id as id1_4_, user0_.address as address2_4_, user0_.birthday as birthday3_4_, user0_.create_time as create_t4_4_, user0_.delete_status as delete_s5_4_, user0_.description as descript6_4_, user0_.email as email7_4_, user0_.locked as locked8_4_, user0_.nick_name as nick_nam9_4_, user0_.password as passwor10_4_, user0_.sex as sex11_4_, user0_.telephone as telepho12_4_, user0_.update_time as update_13_4_, user0_.user_name as user_na14_4_ from tb_user user0_ where user0_.user_name=?
2019-02-24 23:33:07.659 [http-nio-80-exec-5] DEBUG org.hibernate.SQL - select roles0_.user_id as user_id1_5_0_, roles0_.role_id as role_id2_5_0_, role1_.id as id1_2_1_, role1_.create_time as create_t2_2_1_, role1_.description as descript3_2_1_, role1_.name as name4_2_1_, role1_.role_key as role_key5_2_1_, role1_.status as status6_2_1_, role1_.update_time as update_t7_2_1_ from tb_user_role roles0_ inner join tb_role role1_ on roles0_.role_id=role1_.id where roles0_.user_id=?
2019-02-24 23:33:07.663 [http-nio-80-exec-5] DEBUG org.hibernate.SQL - select resources0_.role_id as role_id1_3_0_, resources0_.resource_id as resource2_3_0_, resource1_.id as id1_1_1_, resource1_.create_time as create_t2_1_1_, resource1_.description as descript3_1_1_, resource1_.icon as icon4_1_1_, resource1_.is_hide as is_hide5_1_1_, resource1_.level as level6_1_1_, resource1_.name as name7_1_1_, resource1_.parent_id as parent_13_1_1_, resource1_.sort as sort8_1_1_, resource1_.source_key as source_k9_1_1_, resource1_.source_url as source_10_1_1_, resource1_.type as type11_1_1_, resource1_.update_time as update_12_1_1_ from tb_role_resource resources0_ inner join tb_resource resource1_ on resources0_.resource_id=resource1_.id where resources0_.role_id=?
2019-02-24 23:33:07.808 [http-nio-80-exec-5] DEBUG org.hibernate.SQL - select user0_.id as id1_4_, user0_.address as address2_4_, user0_.birthday as birthday3_4_, user0_.create_time as create_t4_4_, user0_.delete_status as delete_s5_4_, user0_.description as descript6_4_, user0_.email as email7_4_, user0_.locked as locked8_4_, user0_.nick_name as nick_nam9_4_, user0_.password as passwor10_4_, user0_.sex as sex11_4_, user0_.telephone as telepho12_4_, user0_.update_time as update_13_4_, user0_.user_name as user_na14_4_ from tb_user user0_ where user0_.user_name=?
2019-02-24 23:33:07.817 [http-nio-80-exec-5] DEBUG org.hibernate.SQL - select user0_.id as id1_4_, user0_.address as address2_4_, user0_.birthday as birthday3_4_, user0_.create_time as create_t4_4_, user0_.delete_status as delete_s5_4_, user0_.description as descript6_4_, user0_.email as email7_4_, user0_.locked as locked8_4_, user0_.nick_name as nick_nam9_4_, user0_.password as passwor10_4_, user0_.sex as sex11_4_, user0_.telephone as telepho12_4_, user0_.update_time as update_13_4_, user0_.user_name as user_na14_4_ from tb_user user0_ where user0_.user_name=?
2019-02-24 23:33:07.824 [http-nio-80-exec-5] DEBUG org.hibernate.SQL - select user0_.id as id1_4_, user0_.address as address2_4_, user0_.birthday as birthday3_4_, user0_.create_time as create_t4_4_, user0_.delete_status as delete_s5_4_, user0_.description as descript6_4_, user0_.email as email7_4_, user0_.locked as locked8_4_, user0_.nick_name as nick_nam9_4_, user0_.password as passwor10_4_, user0_.sex as sex11_4_, user0_.telephone as telepho12_4_, user0_.update_time as update_13_4_, user0_.user_name as user_na14_4_ from tb_user user0_ where user0_.user_name=?
2019-02-24 23:33:08.041 [http-nio-80-exec-2] DEBUG org.hibernate.SQL - select resource0_.id as id1_1_, resource0_.create_time as create_t2_1_, resource0_.description as descript3_1_, resource0_.icon as icon4_1_, resource0_.is_hide as is_hide5_1_, resource0_.level as level6_1_, resource0_.name as name7_1_, resource0_.parent_id as parent_13_1_, resource0_.sort as sort8_1_, resource0_.source_key as source_k9_1_, resource0_.source_url as source_10_1_, resource0_.type as type11_1_, resource0_.update_time as update_12_1_ from tb_resource resource0_ where resource0_.name like ? limit ?
2019-02-24 23:33:08.053 [http-nio-80-exec-2] DEBUG org.hibernate.SQL - select count(resource0_.id) as col_0_0_ from tb_resource resource0_ where resource0_.name like ?
