2019-02-15 09:57:46.315 [http-nio-80-exec-4] DEBUG org.hibernate.SQL - select user0_.id as id1_4_, user0_.address as address2_4_, user0_.birthday as birthday3_4_, user0_.create_time as create_t4_4_, user0_.delete_status as delete_s5_4_, user0_.description as descript6_4_, user0_.email as email7_4_, user0_.locked as locked8_4_, user0_.nick_name as nick_nam9_4_, user0_.password as passwor10_4_, user0_.sex as sex11_4_, user0_.telephone as telepho12_4_, user0_.update_time as update_13_4_, user0_.user_name as user_na14_4_ from tb_user user0_ where user0_.user_name=?
2019-02-15 09:57:46.418 [http-nio-80-exec-1] DEBUG org.hibernate.SQL - select user0_.id as id1_4_, user0_.address as address2_4_, user0_.birthday as birthday3_4_, user0_.create_time as create_t4_4_, user0_.delete_status as delete_s5_4_, user0_.description as descript6_4_, user0_.email as email7_4_, user0_.locked as locked8_4_, user0_.nick_name as nick_nam9_4_, user0_.password as passwor10_4_, user0_.sex as sex11_4_, user0_.telephone as telepho12_4_, user0_.update_time as update_13_4_, user0_.user_name as user_na14_4_ from tb_user user0_ where user0_.user_name=?
2019-02-15 09:57:46.428 [http-nio-80-exec-1] DEBUG org.hibernate.SQL - select roles0_.user_id as user_id1_5_0_, roles0_.role_id as role_id2_5_0_, role1_.id as id1_2_1_, role1_.create_time as create_t2_2_1_, role1_.description as descript3_2_1_, role1_.name as name4_2_1_, role1_.role_key as role_key5_2_1_, role1_.status as status6_2_1_, role1_.update_time as update_t7_2_1_ from tb_user_role roles0_ inner join tb_role role1_ on roles0_.role_id=role1_.id where roles0_.user_id=?
2019-02-15 09:57:46.439 [http-nio-80-exec-1] DEBUG org.hibernate.SQL - select resources0_.role_id as role_id1_3_0_, resources0_.resource_id as resource2_3_0_, resource1_.id as id1_1_1_, resource1_.create_time as create_t2_1_1_, resource1_.description as descript3_1_1_, resource1_.icon as icon4_1_1_, resource1_.is_hide as is_hide5_1_1_, resource1_.level as level6_1_1_, resource1_.name as name7_1_1_, resource1_.parent_id as parent_13_1_1_, resource1_.sort as sort8_1_1_, resource1_.source_key as source_k9_1_1_, resource1_.source_url as source_10_1_1_, resource1_.type as type11_1_1_, resource1_.update_time as update_12_1_1_ from tb_role_resource resources0_ inner join tb_resource resource1_ on resources0_.resource_id=resource1_.id where resources0_.role_id=?
2019-02-15 09:57:46.446 [http-nio-80-exec-1] DEBUG org.hibernate.SQL - select user0_.id as id1_4_, user0_.address as address2_4_, user0_.birthday as birthday3_4_, user0_.create_time as create_t4_4_, user0_.delete_status as delete_s5_4_, user0_.description as descript6_4_, user0_.email as email7_4_, user0_.locked as locked8_4_, user0_.nick_name as nick_nam9_4_, user0_.password as passwor10_4_, user0_.sex as sex11_4_, user0_.telephone as telepho12_4_, user0_.update_time as update_13_4_, user0_.user_name as user_na14_4_ from tb_user user0_ where user0_.user_name=?
2019-02-15 09:57:46.451 [http-nio-80-exec-1] DEBUG org.hibernate.SQL - select user0_.id as id1_4_, user0_.address as address2_4_, user0_.birthday as birthday3_4_, user0_.create_time as create_t4_4_, user0_.delete_status as delete_s5_4_, user0_.description as descript6_4_, user0_.email as email7_4_, user0_.locked as locked8_4_, user0_.nick_name as nick_nam9_4_, user0_.password as passwor10_4_, user0_.sex as sex11_4_, user0_.telephone as telepho12_4_, user0_.update_time as update_13_4_, user0_.user_name as user_na14_4_ from tb_user user0_ where user0_.user_name=?
2019-02-15 09:57:46.455 [http-nio-80-exec-1] DEBUG org.hibernate.SQL - select user0_.id as id1_4_, user0_.address as address2_4_, user0_.birthday as birthday3_4_, user0_.create_time as create_t4_4_, user0_.delete_status as delete_s5_4_, user0_.description as descript6_4_, user0_.email as email7_4_, user0_.locked as locked8_4_, user0_.nick_name as nick_nam9_4_, user0_.password as passwor10_4_, user0_.sex as sex11_4_, user0_.telephone as telepho12_4_, user0_.update_time as update_13_4_, user0_.user_name as user_na14_4_ from tb_user user0_ where user0_.user_name=?
2019-02-15 09:57:52.965 [http-nio-80-exec-10] DEBUG org.hibernate.SQL - select user0_.id as id1_4_, user0_.address as address2_4_, user0_.birthday as birthday3_4_, user0_.create_time as create_t4_4_, user0_.delete_status as delete_s5_4_, user0_.description as descript6_4_, user0_.email as email7_4_, user0_.locked as locked8_4_, user0_.nick_name as nick_nam9_4_, user0_.password as passwor10_4_, user0_.sex as sex11_4_, user0_.telephone as telepho12_4_, user0_.update_time as update_13_4_, user0_.user_name as user_na14_4_ from tb_user user0_ where user0_.user_name=?
2019-02-15 09:57:52.969 [http-nio-80-exec-10] DEBUG org.hibernate.SQL - select roles0_.user_id as user_id1_5_0_, roles0_.role_id as role_id2_5_0_, role1_.id as id1_2_1_, role1_.create_time as create_t2_2_1_, role1_.description as descript3_2_1_, role1_.name as name4_2_1_, role1_.role_key as role_key5_2_1_, role1_.status as status6_2_1_, role1_.update_time as update_t7_2_1_ from tb_user_role roles0_ inner join tb_role role1_ on roles0_.role_id=role1_.id where roles0_.user_id=?
2019-02-15 09:57:52.971 [http-nio-80-exec-10] DEBUG org.hibernate.SQL - select resources0_.role_id as role_id1_3_0_, resources0_.resource_id as resource2_3_0_, resource1_.id as id1_1_1_, resource1_.create_time as create_t2_1_1_, resource1_.description as descript3_1_1_, resource1_.icon as icon4_1_1_, resource1_.is_hide as is_hide5_1_1_, resource1_.level as level6_1_1_, resource1_.name as name7_1_1_, resource1_.parent_id as parent_13_1_1_, resource1_.sort as sort8_1_1_, resource1_.source_key as source_k9_1_1_, resource1_.source_url as source_10_1_1_, resource1_.type as type11_1_1_, resource1_.update_time as update_12_1_1_ from tb_role_resource resources0_ inner join tb_resource resource1_ on resources0_.resource_id=resource1_.id where resources0_.role_id=?
2019-02-15 09:57:52.977 [http-nio-80-exec-10] DEBUG org.hibernate.SQL - select user0_.id as id1_4_, user0_.address as address2_4_, user0_.birthday as birthday3_4_, user0_.create_time as create_t4_4_, user0_.delete_status as delete_s5_4_, user0_.description as descript6_4_, user0_.email as email7_4_, user0_.locked as locked8_4_, user0_.nick_name as nick_nam9_4_, user0_.password as passwor10_4_, user0_.sex as sex11_4_, user0_.telephone as telepho12_4_, user0_.update_time as update_13_4_, user0_.user_name as user_na14_4_ from tb_user user0_ where user0_.user_name=?
2019-02-15 09:57:52.985 [http-nio-80-exec-10] DEBUG org.hibernate.SQL - select user0_.id as id1_4_, user0_.address as address2_4_, user0_.birthday as birthday3_4_, user0_.create_time as create_t4_4_, user0_.delete_status as delete_s5_4_, user0_.description as descript6_4_, user0_.email as email7_4_, user0_.locked as locked8_4_, user0_.nick_name as nick_nam9_4_, user0_.password as passwor10_4_, user0_.sex as sex11_4_, user0_.telephone as telepho12_4_, user0_.update_time as update_13_4_, user0_.user_name as user_na14_4_ from tb_user user0_ where user0_.user_name=?
2019-02-15 09:57:53.188 [http-nio-80-exec-6] DEBUG org.hibernate.SQL - select order0_.id as id1_0_, order0_.address as address2_0_, order0_.contact_number as contact_3_0_, order0_.front_money as front_mo4_0_, order0_.installation_time as installa5_0_, order0_.installer as installe6_0_, order0_.introducer as introduc7_0_, order0_.order_no as order_no8_0_, order0_.single_person as single_p9_0_, order0_.single_time as single_10_0_, order0_.total as total11_0_, order0_.update_time as update_12_0_ from tb_order order0_ where order0_.order_no like ? limit ?
2019-02-15 17:53:09.124 [restartedMain] INFO  net.sppan.base.Application - Starting Application on ZJS-20170104XGB with PID 6740 (E:\erpSugar\SPPanAdmin-master\target\classes started by Administrator in E:\erpSugar\SPPanAdmin-master)
2019-02-15 17:53:09.124 [restartedMain] DEBUG net.sppan.base.Application - Running with Spring Boot v1.5.2.RELEASE, Spring v4.3.7.RELEASE
2019-02-15 17:53:09.124 [restartedMain] INFO  net.sppan.base.Application - No active profile set, falling back to default profiles: default
2019-02-15 17:53:11.489 [restartedMain] DEBUG org.hibernate.SQL - select resource0_.id as id1_1_, resource0_.create_time as create_t2_1_, resource0_.description as descript3_1_, resource0_.icon as icon4_1_, resource0_.is_hide as is_hide5_1_, resource0_.level as level6_1_, resource0_.name as name7_1_, resource0_.parent_id as parent_13_1_, resource0_.sort as sort8_1_, resource0_.source_key as source_k9_1_, resource0_.source_url as source_10_1_, resource0_.type as type11_1_, resource0_.update_time as update_12_1_ from tb_resource resource0_
2019-02-15 17:53:11.827 [restartedMain] INFO  org.apache.catalina.core.StandardService - Starting service Tomcat
2019-02-15 17:53:11.829 [restartedMain] INFO  org.apache.catalina.core.StandardEngine - Starting Servlet Engine: Apache Tomcat/8.5.11
2019-02-15 17:53:11.880 [localhost-startStop-1] INFO  org.apache.catalina.core.ContainerBase.[Tomcat].[localhost].[/] - Initializing Spring embedded WebApplicationContext
2019-02-15 17:53:13.903 [restartedMain] DEBUG net.sf.ehcache.config.ConfigurationFactory - Configuring ehcache from InputStream
2019-02-15 17:53:13.904 [restartedMain] DEBUG net.sf.ehcache.config.BeanHandler - Ignoring ehcache attribute xmlns:xsi
2019-02-15 17:53:13.904 [restartedMain] DEBUG net.sf.ehcache.config.BeanHandler - Ignoring ehcache attribute xsi:noNamespaceSchemaLocation
2019-02-15 17:53:13.904 [restartedMain] DEBUG net.sf.ehcache.config.DiskStoreConfiguration - Disk Store Path: C:\Users\ADMINI~1.ZJS\AppData\Local\Temp\
2019-02-15 17:53:13.905 [restartedMain] DEBUG net.sf.ehcache.CacheManager - Creating new CacheManager with Configuration Object
2019-02-15 17:53:13.906 [restartedMain] DEBUG net.sf.ehcache.util.PropertyUtil - propertiesString is null.
2019-02-15 17:53:13.906 [restartedMain] DEBUG net.sf.ehcache.config.ConfigurationHelper - No CacheManagerEventListenerFactory class specified. Skipping...
2019-02-15 17:53:14.128 [restartedMain] DEBUG net.sf.ehcache.Cache - No BootstrapCacheLoaderFactory class specified. Skipping...
2019-02-15 17:53:14.128 [restartedMain] DEBUG net.sf.ehcache.Cache - CacheWriter factory not configured. Skipping...
2019-02-15 17:53:14.128 [restartedMain] DEBUG net.sf.ehcache.config.ConfigurationHelper - No CacheExceptionHandlerFactory class specified. Skipping...
2019-02-15 17:53:14.129 [restartedMain] DEBUG net.sf.ehcache.Cache - No BootstrapCacheLoaderFactory class specified. Skipping...
2019-02-15 17:53:14.129 [restartedMain] DEBUG net.sf.ehcache.Cache - CacheWriter factory not configured. Skipping...
2019-02-15 17:53:14.130 [restartedMain] DEBUG net.sf.ehcache.config.ConfigurationHelper - No CacheExceptionHandlerFactory class specified. Skipping...
2019-02-15 17:53:14.130 [restartedMain] WARN  net.sf.ehcache.config.CacheConfiguration - Configuration problem for cache resourceCache: MaxEntriesLocalHeap equal or greater than MaxEntriesLocalDisk. This will result in useless disk storage.
2019-02-15 17:53:14.131 [restartedMain] DEBUG net.sf.ehcache.DiskStorePathManager - Using diskstore path C:\Users\ADMINI~1.ZJS\AppData\Local\Temp
2019-02-15 17:53:14.131 [restartedMain] DEBUG net.sf.ehcache.DiskStorePathManager - Holding exclusive lock on C:\Users\ADMINI~1.ZJS\AppData\Local\Temp\.ehcache-diskstore.lock
2019-02-15 17:53:14.131 [restartedMain] DEBUG net.sf.ehcache.store.disk.DiskStorageFactory - Failed to delete file resource%0043ache.data
2019-02-15 17:53:14.132 [restartedMain] DEBUG net.sf.ehcache.store.disk.DiskStorageFactory - Failed to delete file resource%0043ache.index
2019-02-15 17:53:14.132 [restartedMain] DEBUG net.sf.ehcache.store.disk.DiskStorageFactory - Matching data file missing (or empty) for index file. Deleting index file C:\Users\ADMINI~1.ZJS\AppData\Local\Temp\resource%0043ache.index
2019-02-15 17:53:14.133 [restartedMain] DEBUG net.sf.ehcache.store.disk.DiskStorageFactory - Failed to delete file resource%0043ache.index
2019-02-15 17:53:14.135 [restartedMain] DEBUG net.sf.ehcache.statistics.extended.ExtendedStatisticsImpl - Mocking Pass-Through Statistic: LOCAL_OFFHEAP_SIZE
2019-02-15 17:53:14.136 [restartedMain] DEBUG net.sf.ehcache.statistics.extended.ExtendedStatisticsImpl - Mocking Pass-Through Statistic: LOCAL_OFFHEAP_SIZE_BYTES
2019-02-15 17:53:14.136 [restartedMain] DEBUG net.sf.ehcache.statistics.extended.ExtendedStatisticsImpl - Mocking Pass-Through Statistic: WRITER_QUEUE_LENGTH
2019-02-15 17:53:14.136 [restartedMain] DEBUG net.sf.ehcache.statistics.extended.ExtendedStatisticsImpl - Mocking Pass-Through Statistic: REMOTE_SIZE
2019-02-15 17:53:14.136 [restartedMain] DEBUG net.sf.ehcache.statistics.extended.ExtendedStatisticsImpl - Mocking Pass-Through Statistic: LAST_REJOIN_TIMESTAMP
2019-02-15 17:53:14.136 [restartedMain] DEBUG net.sf.ehcache.statistics.extended.ExtendedStatisticsImpl - Mocking Operation Statistic: OFFHEAP_GET
2019-02-15 17:53:14.137 [restartedMain] DEBUG net.sf.ehcache.statistics.extended.ExtendedStatisticsImpl - Mocking Operation Statistic: OFFHEAP_PUT
2019-02-15 17:53:14.137 [restartedMain] DEBUG net.sf.ehcache.statistics.extended.ExtendedStatisticsImpl - Mocking Operation Statistic: OFFHEAP_REMOVE
2019-02-15 17:53:14.137 [restartedMain] DEBUG net.sf.ehcache.statistics.extended.ExtendedStatisticsImpl - Mocking Operation Statistic: XA_COMMIT
2019-02-15 17:53:14.137 [restartedMain] DEBUG net.sf.ehcache.statistics.extended.ExtendedStatisticsImpl - Mocking Operation Statistic: XA_ROLLBACK
2019-02-15 17:53:14.137 [restartedMain] DEBUG net.sf.ehcache.statistics.extended.ExtendedStatisticsImpl - Mocking Operation Statistic: XA_RECOVERY
2019-02-15 17:53:14.137 [restartedMain] DEBUG net.sf.ehcache.statistics.extended.ExtendedStatisticsImpl - Mocking Operation Statistic: CLUSTER_EVENT
2019-02-15 17:53:14.137 [restartedMain] DEBUG net.sf.ehcache.statistics.extended.ExtendedStatisticsImpl - Mocking Operation Statistic: NONSTOP
2019-02-15 17:53:14.138 [restartedMain] DEBUG net.sf.ehcache.Cache - Initialised cache: resourceCache
2019-02-15 17:53:14.138 [restartedMain] DEBUG net.sf.ehcache.config.ConfigurationHelper - CacheDecoratorFactory not configured. Skipping for 'resourceCache'.
2019-02-15 17:53:14.138 [restartedMain] DEBUG net.sf.ehcache.config.ConfigurationHelper - CacheDecoratorFactory not configured for defaultCache. Skipping for 'resourceCache'.
2019-02-15 17:53:15.047 [restartedMain] INFO  org.apache.coyote.http11.Http11NioProtocol - Initializing ProtocolHandler ["http-nio-80"]
2019-02-15 17:53:15.047 [restartedMain] INFO  org.apache.coyote.http11.Http11NioProtocol - Starting ProtocolHandler [http-nio-80]
2019-02-15 17:53:15.117 [restartedMain] INFO  org.apache.tomcat.util.net.NioSelectorPool - Using a shared selector for servlet write/read
2019-02-15 17:53:15.148 [restartedMain] INFO  net.sppan.base.Application - Started Application in 6.174 seconds (JVM running for 263989.631)
2019-02-15 17:53:15.148 [restartedMain] DEBUG net.sppan.base.Application - 启动成功
